<?xml version="1.0" encoding="UTF-8"?>
<coverage generated="1737216332048" clover="3.2.0">
  <project timestamp="1737216332048" name="All files">
    <metrics statements="23" coveredstatements="23" conditionals="5" coveredconditionals="5" methods="2" coveredmethods="2" elements="30" coveredelements="30" complexity="0" loc="23" ncloc="23" packages="2" files="2" classes="2"/>
    <package name="spell-table-plus">
      <metrics statements="17" coveredstatements="17" conditionals="3" coveredconditionals="3" methods="1" coveredmethods="1"/>
      <file name="script.js" path="/Users/fergusgildea/Documents/GitHub/spell-table-plus/script.js">
        <metrics statements="17" coveredstatements="17" conditionals="3" coveredconditionals="3" methods="1" coveredmethods="1"/>
        <line num="1" count="1" type="stmt"/>
        <line num="3" count="1" type="stmt"/>
        <line num="4" count="1" type="stmt"/>
        <line num="6" count="1" type="cond" truecount="1" falsecount="0"/>
        <line num="7" count="2" type="stmt"/>
        <line num="8" count="1" type="stmt"/>
        <line num="10" count="2" type="cond" truecount="1" falsecount="0"/>
        <line num="12" count="2" type="stmt"/>
        <line num="13" count="2" type="cond" truecount="1" falsecount="0"/>
        <line num="14" count="1" type="stmt"/>
        <line num="15" count="1" type="stmt"/>
        <line num="16" count="2" type="stmt"/>
        <line num="17" count="2" type="stmt"/>
        <line num="18" count="2" type="stmt"/>
        <line num="19" count="2" type="stmt"/>
        <line num="20" count="2" type="stmt"/>
        <line num="21" count="2" type="stmt"/>
      </file>
    </package>
    <package name="spell-table-plus.cards">
      <metrics statements="6" coveredstatements="6" conditionals="2" coveredconditionals="2" methods="1" coveredmethods="1"/>
      <file name="fetchCardData.js" path="/Users/fergusgildea/Documents/GitHub/spell-table-plus/cards/fetchCardData.js">
        <metrics statements="6" coveredstatements="6" conditionals="2" coveredconditionals="2" methods="1" coveredmethods="1"/>
        <line num="1" count="1" type="cond" truecount="1" falsecount="0"/>
        <line num="2" count="3" type="stmt"/>
        <line num="3" count="3" type="cond" truecount="1" falsecount="0"/>
        <line num="4" count="2" type="stmt"/>
        <line num="6" count="2" type="stmt"/>
        <line num="7" count="2" type="stmt"/>
      </file>
    </package>
  </project>
</coverage>
